[
  {
    "line": 2,
    "elements": [
      {
        "before": [
          {
            "result": {
              "duration": 7550169300,
              "status": "passed"
            },
            "match": {
              "location": "LoginAndLogoutStepDefinition.setup()"
            }
          },
          {
            "result": {
              "duration": 596130900,
              "status": "passed"
            },
            "match": {
              "location": "OrderWithCouponStepDefinition.setup()"
            }
          }
        ],
        "line": 15,
        "name": "Login Success",
        "description": "",
        "id": "login-and-sign-out;login-success;;2",
        "type": "scenario",
        "keyword": "Scenario Outline",
        "steps": [
          {
            "result": {
              "error_message": "net.serenitybdd.core.exceptions.SerenityManagedException: The following error occurred: unknown error: cannot focus element\n  (Session info: chrome\u003d79.0.3945.88)\n  (Driver info: chromedriver\u003d2.38.552522 (437e6fbedfa8762dec75e2c5b3ddb86763dc9dcb),platform\u003dWindows NT 10.0.18363 x86_64) (WARNING: The server did not provide any stacktrace information)\nCommand duration or timeout: 0 milliseconds\nBuild info: version: \u00273.141.59\u0027, revision: \u0027e82be7d358\u0027, time: \u00272018-11-14T08:17:03\u0027\nSystem info: host: \u0027JORMAN-PC\u0027, ip: \u0027192.168.1.8\u0027, os.name: \u0027Windows 10\u0027, os.arch: \u0027amd64\u0027, os.version: \u002710.0\u0027, java.version: \u00271.8.0_231\u0027\nDriver info: org.openqa.selenium.chrome.ChromeDriver\nCapabilities {acceptInsecureCerts: false, acceptSslCerts: false, applicationCacheEnabled: false, browserConnectionEnabled: false, browserName: chrome, chrome: {chromedriverVersion: 2.38.552522 (437e6fbedfa876..., userDataDir: C:\\Users\\jorma\\AppData\\Loca...}, cssSelectorsEnabled: true, databaseEnabled: false, handlesAlerts: true, hasTouchScreen: false, javascriptEnabled: true, locationContextEnabled: true, mobileEmulationEnabled: false, nativeEvents: true, networkConnectionEnabled: false, pageLoadStrategy: normal, platform: XP, platformName: XP, rotatable: false, setWindowRect: true, takesHeapSnapshot: true, takesScreenshot: true, unexpectedAlertBehaviour: , unhandledPromptBehavior: , version: 79.0.3945.88, webStorageEnabled: true}\nSession ID: 272ad7383ac771a78da6a733e0eed8c6\r\n\tat sun.reflect.NativeConstructorAccessorImpl.newInstance0(Native Method)\r\n\tat sun.reflect.NativeConstructorAccessorImpl.newInstance(NativeConstructorAccessorImpl.java:62)\r\n\tat sun.reflect.DelegatingConstructorAccessorImpl.newInstance(DelegatingConstructorAccessorImpl.java:45)\r\n\tat java.lang.reflect.Constructor.newInstance(Constructor.java:423)\r\n\tat org.openqa.selenium.remote.ErrorHandler.createThrowable(ErrorHandler.java:214)\r\n\tat org.openqa.selenium.remote.ErrorHandler.throwIfResponseFailed(ErrorHandler.java:166)\r\n\tat org.openqa.selenium.remote.http.JsonHttpResponseCodec.reconstructValue(JsonHttpResponseCodec.java:40)\r\n\tat org.openqa.selenium.remote.http.AbstractHttpResponseCodec.decode(AbstractHttpResponseCodec.java:80)\r\n\tat org.openqa.selenium.remote.http.AbstractHttpResponseCodec.decode(AbstractHttpResponseCodec.java:44)\r\n\tat org.openqa.selenium.remote.HttpCommandExecutor.execute(HttpCommandExecutor.java:158)\r\n\tat org.openqa.selenium.remote.service.DriverCommandExecutor.execute(DriverCommandExecutor.java:83)\r\n\tat org.openqa.selenium.remote.RemoteWebDriver.execute(RemoteWebDriver.java:552)\r\n\tat org.openqa.selenium.remote.RemoteWebElement.execute(RemoteWebElement.java:285)\r\n\tat org.openqa.selenium.remote.RemoteWebElement.sendKeys(RemoteWebElement.java:106)\r\n\tat net.serenitybdd.core.pages.ClearContents.lambda$static$0(ClearContents.java:16)\r\n\tat net.serenitybdd.core.pages.ClearContents.ofElement(ClearContents.java:31)\r\n\tat net.serenitybdd.core.pages.WebElementFacadeImpl.clear(WebElementFacadeImpl.java:1261)\r\n\tat net.serenitybdd.core.pages.WebElementFacadeImpl.type(WebElementFacadeImpl.java:812)\r\n\tat net.serenitybdd.screenplay.actions.EnterValueIntoTarget.performAs(EnterValueIntoTarget.java:18)\r\n\tat net.serenitybdd.screenplay.actions.EnterValueIntoTarget$ByteBuddy$73TDzKog.performAs$accessor$swvbcH0a(Unknown Source)\r\n\tat sun.reflect.NativeMethodAccessorImpl.invoke0(Native Method)\r\n\tat sun.reflect.NativeMethodAccessorImpl.invoke(NativeMethodAccessorImpl.java:62)\r\n\tat sun.reflect.DelegatingMethodAccessorImpl.invoke(DelegatingMethodAccessorImpl.java:43)\r\n\tat java.lang.reflect.Method.invoke(Method.java:498)\r\n\tat net.thucydides.core.steps.StepInterceptor.invokeMethod(StepInterceptor.java:466)\r\n\tat net.thucydides.core.steps.StepInterceptor.executeTestStepMethod(StepInterceptor.java:450)\r\n\tat net.thucydides.core.steps.StepInterceptor.runTestStep(StepInterceptor.java:425)\r\n\tat net.thucydides.core.steps.StepInterceptor.runOrSkipMethod(StepInterceptor.java:180)\r\n\tat net.thucydides.core.steps.StepInterceptor.testStepResult(StepInterceptor.java:167)\r\n\tat net.thucydides.core.steps.StepInterceptor.intercept(StepInterceptor.java:74)\r\n\tat net.serenitybdd.screenplay.actions.EnterValueIntoTarget$ByteBuddy$73TDzKog.performAs(Unknown Source)\r\n\tat net.serenitybdd.screenplay.Actor.performTask(Actor.java:233)\r\n\tat net.serenitybdd.screenplay.Actor.perform(Actor.java:214)\r\n\tat net.serenitybdd.screenplay.Actor.attemptsTo(Actor.java:171)\r\n\tat com.automationpractice.wappi.interactions.Login.performAs(Login.java:25)\r\n\tat net.serenitybdd.screenplay.Actor.performTask(Actor.java:233)\r\n\tat net.serenitybdd.screenplay.Actor.perform(Actor.java:214)\r\n\tat net.serenitybdd.screenplay.Actor.performWithoutReporting(Actor.java:198)\r\n\tat net.serenitybdd.screenplay.Actor.attemptsTo(Actor.java:169)\r\n\tat com.automationpractice.wappi.tasks.loginandlogout.LoginTask.performAs(LoginTask.java:25)\r\n\tat net.serenitybdd.screenplay.Actor.performTask(Actor.java:233)\r\n\tat net.serenitybdd.screenplay.Actor.perform(Actor.java:214)\r\n\tat net.serenitybdd.screenplay.Actor.performWithoutReporting(Actor.java:198)\r\n\tat net.serenitybdd.screenplay.Actor.attemptsTo(Actor.java:169)\r\n\tat com.automationpractice.wappi.stepdefinitions.LoginAndLogoutStepDefinition.iEnterMyCredentials(LoginAndLogoutStepDefinition.java:24)\r\n\tat ✽.I enter my credentials(src/test/resources/features/login_signout.feature:7)\r\n",
              "duration": 706711400,
              "status": "failed"
            },
            "line": 7,
            "name": "I enter my credentials",
            "match": {
              "location": "LoginAndLogoutStepDefinition.iEnterMyCredentials(DataTable)"
            },
            "rows": [
              {
                "cells": [
                  "userName",
                  "Administrador"
                ]
              },
              {
                "cells": [
                  "password",
                  "Administrador"
                ]
              }
            ],
            "keyword": "When "
          },
          {
            "result": {
              "status": "skipped"
            },
            "line": 10,
            "name": "I close the session",
            "match": {
              "location": "LoginAndLogoutStepDefinition.iCloseTheSession()"
            },
            "keyword": "And "
          },
          {
            "result": {
              "status": "skipped"
            },
            "line": 11,
            "name": "I validate the sesion closure",
            "match": {
              "location": "LoginAndLogoutStepDefinition.iValidateTheSesionClosure()"
            },
            "keyword": "Then "
          }
        ],
        "tags": [
          {
            "name": "@Successfully"
          }
        ]
      },
      {
        "before": [
          {
            "result": {
              "duration": 6319377600,
              "status": "passed"
            },
            "match": {
              "location": "LoginAndLogoutStepDefinition.setup()"
            }
          },
          {
            "result": {
              "duration": 521435300,
              "status": "passed"
            },
            "match": {
              "location": "OrderWithCouponStepDefinition.setup()"
            }
          }
        ],
        "line": 26,
        "name": "Login Fail",
        "description": "",
        "id": "login-and-sign-out;login-fail;;2",
        "type": "scenario",
        "keyword": "Scenario Outline",
        "steps": [
          {
            "result": {
              "error_message": "net.serenitybdd.core.exceptions.SerenityManagedException: The following error occurred: unknown error: cannot focus element\n  (Session info: chrome\u003d79.0.3945.88)\n  (Driver info: chromedriver\u003d2.38.552522 (437e6fbedfa8762dec75e2c5b3ddb86763dc9dcb),platform\u003dWindows NT 10.0.18363 x86_64) (WARNING: The server did not provide any stacktrace information)\nCommand duration or timeout: 0 milliseconds\nBuild info: version: \u00273.141.59\u0027, revision: \u0027e82be7d358\u0027, time: \u00272018-11-14T08:17:03\u0027\nSystem info: host: \u0027JORMAN-PC\u0027, ip: \u0027192.168.1.8\u0027, os.name: \u0027Windows 10\u0027, os.arch: \u0027amd64\u0027, os.version: \u002710.0\u0027, java.version: \u00271.8.0_231\u0027\nDriver info: org.openqa.selenium.chrome.ChromeDriver\nCapabilities {acceptInsecureCerts: false, acceptSslCerts: false, applicationCacheEnabled: false, browserConnectionEnabled: false, browserName: chrome, chrome: {chromedriverVersion: 2.38.552522 (437e6fbedfa876..., userDataDir: C:\\Users\\jorma\\AppData\\Loca...}, cssSelectorsEnabled: true, databaseEnabled: false, handlesAlerts: true, hasTouchScreen: false, javascriptEnabled: true, locationContextEnabled: true, mobileEmulationEnabled: false, nativeEvents: true, networkConnectionEnabled: false, pageLoadStrategy: normal, platform: XP, platformName: XP, rotatable: false, setWindowRect: true, takesHeapSnapshot: true, takesScreenshot: true, unexpectedAlertBehaviour: , unhandledPromptBehavior: , version: 79.0.3945.88, webStorageEnabled: true}\nSession ID: 9a9403f5eaa10a6bfcd7d083b57288bd\r\n\tat sun.reflect.NativeConstructorAccessorImpl.newInstance0(Native Method)\r\n\tat sun.reflect.NativeConstructorAccessorImpl.newInstance(NativeConstructorAccessorImpl.java:62)\r\n\tat sun.reflect.DelegatingConstructorAccessorImpl.newInstance(DelegatingConstructorAccessorImpl.java:45)\r\n\tat java.lang.reflect.Constructor.newInstance(Constructor.java:423)\r\n\tat org.openqa.selenium.remote.ErrorHandler.createThrowable(ErrorHandler.java:214)\r\n\tat org.openqa.selenium.remote.ErrorHandler.throwIfResponseFailed(ErrorHandler.java:166)\r\n\tat org.openqa.selenium.remote.http.JsonHttpResponseCodec.reconstructValue(JsonHttpResponseCodec.java:40)\r\n\tat org.openqa.selenium.remote.http.AbstractHttpResponseCodec.decode(AbstractHttpResponseCodec.java:80)\r\n\tat org.openqa.selenium.remote.http.AbstractHttpResponseCodec.decode(AbstractHttpResponseCodec.java:44)\r\n\tat org.openqa.selenium.remote.HttpCommandExecutor.execute(HttpCommandExecutor.java:158)\r\n\tat org.openqa.selenium.remote.service.DriverCommandExecutor.execute(DriverCommandExecutor.java:83)\r\n\tat org.openqa.selenium.remote.RemoteWebDriver.execute(RemoteWebDriver.java:552)\r\n\tat org.openqa.selenium.remote.RemoteWebElement.execute(RemoteWebElement.java:285)\r\n\tat org.openqa.selenium.remote.RemoteWebElement.sendKeys(RemoteWebElement.java:106)\r\n\tat net.serenitybdd.core.pages.ClearContents.lambda$static$0(ClearContents.java:16)\r\n\tat net.serenitybdd.core.pages.ClearContents.ofElement(ClearContents.java:31)\r\n\tat net.serenitybdd.core.pages.WebElementFacadeImpl.clear(WebElementFacadeImpl.java:1261)\r\n\tat net.serenitybdd.core.pages.WebElementFacadeImpl.type(WebElementFacadeImpl.java:812)\r\n\tat net.serenitybdd.screenplay.actions.EnterValueIntoTarget.performAs(EnterValueIntoTarget.java:18)\r\n\tat net.serenitybdd.screenplay.actions.EnterValueIntoTarget$ByteBuddy$koRO21Oe.performAs$accessor$jyYY4tLS(Unknown Source)\r\n\tat sun.reflect.NativeMethodAccessorImpl.invoke0(Native Method)\r\n\tat sun.reflect.NativeMethodAccessorImpl.invoke(NativeMethodAccessorImpl.java:62)\r\n\tat sun.reflect.DelegatingMethodAccessorImpl.invoke(DelegatingMethodAccessorImpl.java:43)\r\n\tat java.lang.reflect.Method.invoke(Method.java:498)\r\n\tat net.thucydides.core.steps.StepInterceptor.invokeMethod(StepInterceptor.java:466)\r\n\tat net.thucydides.core.steps.StepInterceptor.executeTestStepMethod(StepInterceptor.java:450)\r\n\tat net.thucydides.core.steps.StepInterceptor.runTestStep(StepInterceptor.java:425)\r\n\tat net.thucydides.core.steps.StepInterceptor.runOrSkipMethod(StepInterceptor.java:180)\r\n\tat net.thucydides.core.steps.StepInterceptor.testStepResult(StepInterceptor.java:167)\r\n\tat net.thucydides.core.steps.StepInterceptor.intercept(StepInterceptor.java:74)\r\n\tat net.serenitybdd.screenplay.actions.EnterValueIntoTarget$ByteBuddy$koRO21Oe.performAs(Unknown Source)\r\n\tat net.serenitybdd.screenplay.Actor.performTask(Actor.java:233)\r\n\tat net.serenitybdd.screenplay.Actor.perform(Actor.java:214)\r\n\tat net.serenitybdd.screenplay.Actor.attemptsTo(Actor.java:171)\r\n\tat com.automationpractice.wappi.interactions.Login.performAs(Login.java:25)\r\n\tat net.serenitybdd.screenplay.Actor.performTask(Actor.java:233)\r\n\tat net.serenitybdd.screenplay.Actor.perform(Actor.java:214)\r\n\tat net.serenitybdd.screenplay.Actor.performWithoutReporting(Actor.java:198)\r\n\tat net.serenitybdd.screenplay.Actor.attemptsTo(Actor.java:169)\r\n\tat com.automationpractice.wappi.tasks.loginandlogout.LoginTask.performAs(LoginTask.java:25)\r\n\tat net.serenitybdd.screenplay.Actor.performTask(Actor.java:233)\r\n\tat net.serenitybdd.screenplay.Actor.perform(Actor.java:214)\r\n\tat net.serenitybdd.screenplay.Actor.performWithoutReporting(Actor.java:198)\r\n\tat net.serenitybdd.screenplay.Actor.attemptsTo(Actor.java:169)\r\n\tat com.automationpractice.wappi.stepdefinitions.LoginAndLogoutStepDefinition.iEnterMyCredentials(LoginAndLogoutStepDefinition.java:24)\r\n\tat ✽.I enter my credentials(src/test/resources/features/login_signout.feature:19)\r\n",
              "duration": 497350900,
              "status": "failed"
            },
            "line": 19,
            "name": "I enter my credentials",
            "match": {
              "location": "LoginAndLogoutStepDefinition.iEnterMyCredentials(DataTable)"
            },
            "rows": [
              {
                "cells": [
                  "userName",
                  "abcd"
                ]
              },
              {
                "cells": [
                  "password",
                  "abcd"
                ]
              }
            ],
            "keyword": "When "
          },
          {
            "result": {
              "status": "skipped"
            },
            "line": 22,
            "name": "I validate the login fail",
            "match": {
              "location": "LoginAndLogoutStepDefinition.iValidateTheLoginFail()"
            },
            "keyword": "Then "
          }
        ],
        "tags": [
          {
            "name": "@Fail"
          }
        ]
      }
    ],
    "name": "Login and sign out",
    "description": "  I want to login in the wappi page",
    "id": "login-and-sign-out",
    "keyword": "Feature",
    "uri": "src/test/resources/features/login_signout.feature",
    "tags": []
  }
]